#
# A fatal error has been detected by the Java Runtime Environment:
#
#  SIGSEGV (0xb) at pc=0x000000010a9dbf9e, pid=27768, tid=25603
#
# JRE version: Java(TM) SE Runtime Environment (8.0_73-b02) (build 1.8.0_73-b02)
# Java VM: Java HotSpot(TM) 64-Bit Server VM (25.73-b02 mixed mode bsd-amd64 compressed oops)
# Problematic frame:
# J 6793 C2 java.io.File.<init>(Ljava/lang/String;)V (47 bytes) @ 0x000000010a9dbf9e [0x000000010a9dbf60+0x3e]
#
# Failed to write core dump. Core dumps have been disabled. To enable core dumping, try "ulimit -c unlimited" before starting Java again
#
# If you would like to submit a bug report, please visit:
#   http://bugreport.java.com/bugreport/crash.jsp
#

---------------  T H R E A D  ---------------

Current thread (0x00007f9aa6ad8000):  JavaThread "FSEvent thread" daemon [_thread_in_Java, id=25603, stack(0x0000700001990000,0x0000700001a90000)]

siginfo: si_signo: 11 (SIGSEGV), si_code: 1 (SEGV_MAPERR), si_addr: 0x00000002a43967ec

Registers:
RAX=0x000000011bd284b0, RBX=0x000000011bd284b0, RCX=0x00000007b2e869e0, RDX=0x00000002a43967e0
RSP=0x0000700001a89090, RBP=0x0000700001a89158, RSI=0x00000007b2e869e0, RDI=0x00000007814d6b68
R8 =0x0000000003c0a6b5, R9 =0x000000078003b038, R10=0x0000000109ce5040, R11=0x000000010a9dbf80
R12=0x0000000000000000, R13=0x0000700001a890f8, R14=0x0000700001a89178, R15=0x00007f9aa6ad8000
RIP=0x000000010a9dbf9e, EFLAGS=0x0000000000010202, ERR=0x0000000000000004
  TRAPNO=0x000000000000000e

Top of Stack: (sp=0x0000700001a89090)
0x0000700001a89090:   0000700001a890f8 000000010a394c4d
0x0000700001a890a0:   00000007b2e869e0 000000010a394c4d
0x0000700001a890b0:   00000007b2e86910 0000700001a890b8
0x0000700001a890c0:   0000000122be45e1 0000700001a89110
0x0000700001a890d0:   0000000122be5d10 0000000000000000
0x0000700001a890e0:   0000700001a89158 000000010a394c4d
0x0000700001a890f0:   000000010a394c4d 00000002a43967e0
0x0000700001a89100:   00000007b2e869e0 00000007b2e869e0
0x0000700001a89110:   00000007814d61a0 0000700001a89118
0x0000700001a89120:   0000000122c24769 0000700001a89178
0x0000700001a89130:   0000000122c252c8 0000000000000000
0x0000700001a89140:   0000000122c247a8 0000700001a890f8
0x0000700001a89150:   0000700001a89168 0000700001a891c0
0x0000700001a89160:   000000010a394c4d 00000007b2e868f0
0x0000700001a89170:   00000007b2e868c0 00000007814d61a0
0x0000700001a89180:   0000700001a89180 0000000122c25203
0x0000700001a89190:   0000700001a891e0 0000000122c252c8
0x0000700001a891a0:   0000000000000000 0000000122c25238
0x0000700001a891b0:   0000700001a89168 0000700001a891d0
0x0000700001a891c0:   0000700001a89228 000000010a394c4d
0x0000700001a891d0:   00000007b2e868f0 00000007b2e868c0
0x0000700001a891e0:   00000007814d61a0 0000700001a891e8
0x0000700001a891f0:   0000000121023769 0000700001a89290
0x0000700001a89200:   0000000122c1f028 0000000000000000
0x0000700001a89210:   0000000121023bc0 0000700001a891d0
0x0000700001a89220:   0000700001a89288 0000700001a892d8
0x0000700001a89230:   000000010a394c4d 0000000000000000
0x0000700001a89240:   0000000000000000 0000000000000000
0x0000700001a89250:   0000000000000000 0000000000000000
0x0000700001a89260:   0000000000000000 0000000000000000
0x0000700001a89270:   00000007b2e868c0 00000007b2e868f0
0x0000700001a89280:   00000007814d61a0 0000000000000000 

Instructions: (pc=0x000000010a9dbf9e)
0x000000010a9dbf7e:   66 90 89 84 24 00 c0 fe ff 55 48 83 ec 50 48 89
0x000000010a9dbf8e:   74 24 10 44 89 66 14 48 85 d2 0f 84 4e 02 00 00
0x000000010a9dbf9e:   44 8b 5a 0c 47 8b 4c dc 0c 45 85 c9 0f 8e d4 01
0x000000010a9dbfae:   00 00 45 85 c9 0f 86 ac 02 00 00 45 8b c1 41 ff 

Register to memory mapping:

RAX={method} {0x000000011bd284b0} '<init>' '(Ljava/lang/String;)V' in 'java/io/File'
RBX={method} {0x000000011bd284b0} '<init>' '(Ljava/lang/String;)V' in 'java/io/File'
RCX=0x00000007b2e869e0 is an oop
java.io.File 
 - klass: 'java/io/File'
RDX=0x00000002a43967e0 is an unknown value
RSP=0x0000700001a89090 is pointing into the stack for thread: 0x00007f9aa6ad8000
RBP=0x0000700001a89158 is pointing into the stack for thread: 0x00007f9aa6ad8000
RSI=0x00000007b2e869e0 is an oop
java.io.File 
 - klass: 'java/io/File'
RDI=0x00000007814d6b68 is an oop
java.util.LinkedList 
 - klass: 'java/util/LinkedList'
R8 =0x0000000003c0a6b5 is an unknown value
R9 =0x000000078003b038 is an oop
java.lang.Integer 
 - klass: 'java/lang/Integer'
R10=0x0000000109ce5040: _ZN19TemplateInterpreter20_invoke_return_entryE+0 in /Library/Java/JavaVirtualMachines/jdk1.8.0_73.jdk/Contents/Home/jre/lib/server/libjvm.dylib at 0x0000000109400000
R11=0x000000010a9dbf80 is at entry_point+32 in (nmethod*)0x000000010a9dbdd0
R12=0x0000000000000000 is an unknown value
R13=0x0000700001a890f8 is pointing into the stack for thread: 0x00007f9aa6ad8000
R14=0x0000700001a89178 is pointing into the stack for thread: 0x00007f9aa6ad8000
R15=0x00007f9aa6ad8000 is a thread


Stack: [0x0000700001990000,0x0000700001a90000],  sp=0x0000700001a89090,  free space=996k
Native frames: (J=compiled Java code, j=interpreted, Vv=VM code, C=native code)
J 6793 C2 java.io.File.<init>(Ljava/lang/String;)V (47 bytes) @ 0x000000010a9dbf9e [0x000000010a9dbf60+0x3e]
j  net.contentobjects.jnotify.macosx.JNotifyAdapterMacOSX$WatchData.scan(Lnet/contentobjects/jnotify/macosx/JNotifyAdapterMacOSX$ScanJob;Lnet/contentobjects/jnotify/macosx/JNotifyAdapterMacOSX$JNEvents;)V+9
j  net.contentobjects.jnotify.macosx.JNotifyAdapterMacOSX$WatchData.access$000(Lnet/contentobjects/jnotify/macosx/JNotifyAdapterMacOSX$WatchData;Lnet/contentobjects/jnotify/macosx/JNotifyAdapterMacOSX$ScanJob;Lnet/contentobjects/jnotify/macosx/JNotifyAdapterMacOSX$JNEvents;)V+3
j  net.contentobjects.jnotify.macosx.JNotifyAdapterMacOSX.batchEndEvent(I)V+73
j  net.contentobjects.jnotify.macosx.JNotifyAdapterMacOSX$1.batchEnd(I)V+5
j  net.contentobjects.jnotify.macosx.JNotify_macosx.callbackInBatch(IZ)V+26
v  ~StubRoutines::call_stub
V  [libjvm.dylib+0x2eae7a]  JavaCalls::call_helper(JavaValue*, methodHandle*, JavaCallArguments*, Thread*)+0x6ae
V  [libjvm.dylib+0x321f83]  jni_invoke_nonstatic(JNIEnv_*, JavaValue*, _jobject*, JNICallType, _jmethodID*, JNI_ArgumentPusher*, Thread*)+0x2ec
V  [libjvm.dylib+0x314757]  jni_CallVoidMethod+0x16b
C  [libjnotify.jnilib+0x1585]  fsevent_callback+0x115
C  [FSEvents+0x3b0b]  implementation_callback_rpc+0x77d
C  [FSEvents+0x16ca]  _Xcallback_rpc+0xfe
C  [FSEvents+0x179e]  FSEventsD2F_server+0x36
C  [FSEvents+0x6fd9]  FSEventsClientProcessMessageCallback+0x2c
C  [CoreFoundation+0x9212c]  __CFMachPortPerform+0xfc
C  [CoreFoundation+0x92019]  __CFRUNLOOP_IS_CALLING_OUT_TO_A_SOURCE1_PERFORM_FUNCTION__+0x29
C  [CoreFoundation+0x91f89]  __CFRunLoopDoSource1+0x1d9
C  [CoreFoundation+0x899bb]  __CFRunLoopRun+0x87b
C  [CoreFoundation+0x88ed8]  CFRunLoopRunSpecific+0x128
C  [CoreFoundation+0xca9b1]  CFRunLoopRun+0x61
j  net.contentobjects.jnotify.macosx.JNotify_macosx.nativeNotifyLoop()V+0
j  net.contentobjects.jnotify.macosx.JNotify_macosx.access$400()V+0
j  net.contentobjects.jnotify.macosx.JNotify_macosx$1.run()V+65
v  ~StubRoutines::call_stub
V  [libjvm.dylib+0x2eae7a]  JavaCalls::call_helper(JavaValue*, methodHandle*, JavaCallArguments*, Thread*)+0x6ae
V  [libjvm.dylib+0x2eb608]  JavaCalls::call_virtual(JavaValue*, KlassHandle, Symbol*, Symbol*, JavaCallArguments*, Thread*)+0x164
V  [libjvm.dylib+0x2eb7b4]  JavaCalls::call_virtual(JavaValue*, Handle, KlassHandle, Symbol*, Symbol*, Thread*)+0x4a
V  [libjvm.dylib+0x345d31]  thread_entry(JavaThread*, Thread*)+0x7c
V  [libjvm.dylib+0x561753]  JavaThread::thread_main_inner()+0x9b
V  [libjvm.dylib+0x562e4e]  JavaThread::run()+0x1c2
V  [libjvm.dylib+0x4838a2]  java_start(Thread*)+0xf6
C  [libsystem_pthread.dylib+0x399d]  _pthread_body+0x83
C  [libsystem_pthread.dylib+0x391a]  _pthread_body+0x0
C  [libsystem_pthread.dylib+0x1351]  thread_start+0xd
C  0x0000000000000000


---------------  P R O C E S S  ---------------

Java Threads: ( => current thread )
  0x00007f9aa7339000 JavaThread "pool-22-thread-6" [_thread_blocked, id=25367, stack(0x0000700001b96000,0x0000700001c96000)]
  0x00007f9aa24da000 JavaThread "pool-22-thread-5" [_thread_blocked, id=30759, stack(0x000070000188d000,0x000070000198d000)]
  0x00007f9aa24d9000 JavaThread "pool-22-thread-4" [_thread_in_vm, id=19735, stack(0x000070000178a000,0x000070000188a000)]
  0x00007f9aa68c9000 JavaThread "pool-22-thread-3" [_thread_blocked, id=19479, stack(0x0000700001687000,0x0000700001787000)]
  0x00007f9aa866b800 JavaThread "pool-22-thread-2" [_thread_blocked, id=22823, stack(0x0000700001481000,0x0000700001581000)]
  0x00007f9aa673a000 JavaThread "pool-22-thread-1" [_thread_blocked, id=24347, stack(0x000070000127b000,0x000070000137b000)]
  0x00007f9aa68cf000 JavaThread "ForkJoinPool-1-worker-3" daemon [_thread_blocked, id=15663, stack(0x0000700001178000,0x0000700001278000)]
  0x00007f9aa636c000 JavaThread "Scala Presentation Compiler []" daemon [_thread_blocked, id=34051, stack(0x00007000025b4000,0x00007000026b4000)]
  0x00007f9aa8331800 JavaThread "netty-event-loop-3" [_thread_blocked, id=3851, stack(0x0000700000932000,0x0000700000a32000)]
  0x00007f9aa7815000 JavaThread "netty-event-loop-2" [_thread_in_native, id=30983, stack(0x0000700001e9f000,0x0000700001f9f000)]
  0x00007f9aa7b0e800 JavaThread "play-dev-mode-akka.actor.default-dispatcher-3" [_thread_blocked, id=29955, stack(0x0000700001c99000,0x0000700001d99000)]
  0x00007f9aa68a0800 JavaThread "play-dev-mode-scheduler-1" [_thread_blocked, id=28931, stack(0x0000700001a93000,0x0000700001b93000)]
=>0x00007f9aa6ad8000 JavaThread "FSEvent thread" daemon [_thread_in_Java, id=25603, stack(0x0000700001990000,0x0000700001a90000)]
  0x00007f9aa750c800 JavaThread "pool-6-thread-2" [_thread_in_native, id=20235, stack(0x0000700001584000,0x0000700001684000)]
  0x00007f9aa797e000 JavaThread "sbt-web-akka.actor.default-dispatcher-4" [_thread_blocked, id=20507, stack(0x000070000137e000,0x000070000147e000)]
  0x00007f9aa7aa0800 JavaThread "sbt-web-scheduler-1" [_thread_blocked, id=21783, stack(0x0000700001075000,0x0000700001175000)]
  0x00007f9aa2027800 JavaThread "Service Thread" daemon [_thread_blocked, id=18435, stack(0x0000700000e44000,0x0000700000f44000)]
  0x00007f9aa3003000 JavaThread "C1 CompilerThread2" daemon [_thread_blocked, id=17923, stack(0x0000700000d41000,0x0000700000e41000)]
  0x00007f9aa2024000 JavaThread "C2 CompilerThread1" daemon [_thread_blocked, id=17411, stack(0x0000700000c3e000,0x0000700000d3e000)]
  0x00007f9aa3819800 JavaThread "C2 CompilerThread0" daemon [_thread_blocked, id=16899, stack(0x0000700000b3b000,0x0000700000c3b000)]
  0x00007f9aa2023000 JavaThread "Signal Dispatcher" daemon [_thread_blocked, id=12815, stack(0x0000700000a38000,0x0000700000b38000)]
  0x00007f9aa380a000 JavaThread "Finalizer" daemon [_thread_blocked, id=12291, stack(0x000070000082f000,0x000070000092f000)]
  0x00007f9aa3809800 JavaThread "Reference Handler" daemon [_thread_blocked, id=11779, stack(0x000070000072c000,0x000070000082c000)]
  0x00007f9aa2006000 JavaThread "main" [_thread_blocked, id=2831, stack(0x000070000011a000,0x000070000021a000)]

Other Threads:
  0x00007f9aa2018000 VMThread [stack: 0x0000700000629000,0x0000700000729000] [id=11267]
  0x00007f9aa3037800 WatcherThread [stack: 0x0000700000f47000,0x0000700001047000] [id=18947]

VM state:not at safepoint (normal execution)

VM Mutex/Monitor currently owned by a thread: None

Heap:
 PSYoungGen      total 261632K, used 211967K [0x00000007aab00000, 0x00000007c0000000, 0x00000007c0000000)
  eden space 186368K, 83% used [0x00000007aab00000,0x00000007b421fd28,0x00000007b6100000)
  from space 75264K, 76% used [0x00000007bb680000,0x00000007bee601e0,0x00000007c0000000)
  to   space 81408K, 0% used [0x00000007b6100000,0x00000007b6100000,0x00000007bb080000)
 ParOldGen       total 699392K, used 87494K [0x0000000780000000, 0x00000007aab00000, 0x00000007aab00000)
  object space 699392K, 12% used [0x0000000780000000,0x0000000785571ba8,0x00000007aab00000)
 Metaspace       used 124700K, capacity 125583K, committed 125824K, reserved 1153024K
  class space    used 21053K, capacity 21319K, committed 21376K, reserved 1048576K

Card table byte_map: [0x000000011974d000,0x000000011994e000] byte_map_base: 0x0000000115b4d000

Marking Bits: (ParMarkBitMap*) 0x0000000109ce3ea0
 Begin Bits: [0x0000000119aa4000, 0x000000011aaa4000)
 End Bits:   [0x000000011aaa4000, 0x000000011baa4000)

Polling page: 0x0000000108b0c000

CodeCache: size=245760Kb used=47905Kb max_used=47917Kb free=197854Kb
 bounds [0x000000010a38d000, 0x000000010d2ad000, 0x000000011938d000]
 total_blobs=17457 nmethods=16873 adapters=489
 compilation: enabled

Compilation events (10 events):
Event: 248.507 Thread 0x00007f9aa3819800 21716       4       scala.collection.convert.Wrappers$JSetWrapper::$plus$eq (6 bytes)
Event: 248.507 Thread 0x00007f9aa2024000 nmethod 21707 0x000000010d29ffd0 code [0x000000010d2a0200, 0x000000010d2a13e8]
Event: 248.508 Thread 0x00007f9aa3003000 nmethod 21714 0x000000010d298450 code [0x000000010d298600, 0x000000010d298a88]
Event: 248.508 Thread 0x00007f9aa3003000 21715       3       sbt.DescendantOrSelfPathFinder$$anonfun$sbt$DescendantOrSelfPathFinder$$handleFileDescendant$1::apply (27 bytes)
Event: 248.508 Thread 0x00007f9aa3003000 nmethod 21715 0x000000010d297e90 code [0x000000010d298020, 0x000000010d2982c8]
Event: 248.510 Thread 0x00007f9aa3819800 nmethod 21716 0x000000010d2979d0 code [0x000000010d297b40, 0x000000010d297c78]
Event: 248.553 Thread 0x00007f9aa3003000 21717       3       sbt.DirectoryFilter$::accept (5 bytes)
Event: 248.553 Thread 0x00007f9aa3003000 nmethod 21717 0x000000010d29c350 code [0x000000010d29c4c0, 0x000000010d29c648]
Event: 248.558 Thread 0x00007f9aa2024000 21718       4       java.io.File::<init> (80 bytes)
Event: 248.575 Thread 0x00007f9aa2024000 nmethod 21718 0x000000010d29a3d0 code [0x000000010d29a560, 0x000000010d29aad8]

GC Heap History (10 events):
Event: 156.200 GC heap before
{Heap before GC invocations=21 (full 5):
 PSYoungGen      total 263680K, used 29947K [0x00000007aab00000, 0x00000007c0000000, 0x00000007c0000000)
  eden space 183296K, 1% used [0x00000007aab00000,0x00000007aadde470,0x00000007b5e00000)
  from space 80384K, 33% used [0x00000007b5e00000,0x00000007b7860980,0x00000007bac80000)
  to   space 76800K, 0% used [0x00000007bb500000,0x00000007bb500000,0x00000007c0000000)
 ParOldGen       total 699392K, used 73084K [0x0000000780000000, 0x00000007aab00000, 0x00000007aab00000)
  object space 699392K, 10% used [0x0000000780000000,0x000000078475f1b0,0x00000007aab00000)
 Metaspace       used 121794K, capacity 122573K, committed 123008K, reserved 1150976K
  class space    used 20803K, capacity 21064K, committed 21120K, reserved 1048576K
Event: 156.223 GC heap after
Heap after GC invocations=21 (full 5):
 PSYoungGen      total 274944K, used 22214K [0x00000007aab00000, 0x00000007c0000000, 0x00000007c0000000)
  eden space 198144K, 0% used [0x00000007aab00000,0x00000007aab00000,0x00000007b6c80000)
  from space 76800K, 28% used [0x00000007bb500000,0x00000007bcab1b88,0x00000007c0000000)
  to   space 74240K, 0% used [0x00000007b6c80000,0x00000007b6c80000,0x00000007bb500000)
 ParOldGen       total 699392K, used 73084K [0x0000000780000000, 0x00000007aab00000, 0x00000007aab00000)
  object space 699392K, 10% used [0x0000000780000000,0x000000078475f1b0,0x00000007aab00000)
 Metaspace       used 121794K, capacity 122573K, committed 123008K, reserved 1150976K
  class space    used 20803K, capacity 21064K, committed 21120K, reserved 1048576K
}
Event: 156.223 GC heap before
{Heap before GC invocations=22 (full 6):
 PSYoungGen      total 274944K, used 22214K [0x00000007aab00000, 0x00000007c0000000, 0x00000007c0000000)
  eden space 198144K, 0% used [0x00000007aab00000,0x00000007aab00000,0x00000007b6c80000)
  from space 76800K, 28% used [0x00000007bb500000,0x00000007bcab1b88,0x00000007c0000000)
  to   space 74240K, 0% used [0x00000007b6c80000,0x00000007b6c80000,0x00000007bb500000)
 ParOldGen       total 699392K, used 73084K [0x0000000780000000, 0x00000007aab00000, 0x00000007aab00000)
  object space 699392K, 10% used [0x0000000780000000,0x000000078475f1b0,0x00000007aab00000)
 Metaspace       used 121794K, capacity 122573K, committed 123008K, reserved 1150976K
  class space    used 20803K, capacity 21064K, committed 21120K, reserved 1048576K
Event: 156.939 GC heap after
Heap after GC invocations=22 (full 6):
 PSYoungGen      total 274944K, used 0K [0x00000007aab00000, 0x00000007c0000000, 0x00000007c0000000)
  eden space 198144K, 0% used [0x00000007aab00000,0x00000007aab00000,0x00000007b6c80000)
  from space 76800K, 0% used [0x00000007bb500000,0x00000007bb500000,0x00000007c0000000)
  to   space 74240K, 0% used [0x00000007b6c80000,0x00000007b6c80000,0x00000007bb500000)
 ParOldGen       total 699392K, used 87596K [0x0000000780000000, 0x00000007aab00000, 0x00000007aab00000)
  object space 699392K, 12% used [0x0000000780000000,0x000000078558b2c0,0x00000007aab00000)
 Metaspace       used 119950K, capacity 120581K, committed 123008K, reserved 1150976K
  class space    used 20252K, capacity 20476K, committed 21120K, reserved 1048576K
}
Event: 156.940 GC heap before
{Heap before GC invocations=23 (full 6):
 PSYoungGen      total 274944K, used 1949K [0x00000007aab00000, 0x00000007c0000000, 0x00000007c0000000)
  eden space 198144K, 0% used [0x00000007aab00000,0x00000007aace77a8,0x00000007b6c80000)
  from space 76800K, 0% used [0x00000007bb500000,0x00000007bb500000,0x00000007c0000000)
  to   space 74240K, 0% used [0x00000007b6c80000,0x00000007b6c80000,0x00000007bb500000)
 ParOldGen       total 699392K, used 87596K [0x0000000780000000, 0x00000007aab00000, 0x00000007aab00000)
  object space 699392K, 12% used [0x0000000780000000,0x000000078558b2c0,0x00000007aab00000)
 Metaspace       used 119950K, capacity 120581K, committed 123008K, reserved 1150976K
  class space    used 20252K, capacity 20476K, committed 21120K, reserved 1048576K
Event: 156.946 GC heap after
Heap after GC invocations=23 (full 6):
 PSYoungGen      total 272384K, used 32K [0x00000007aab00000, 0x00000007c0000000, 0x00000007c0000000)
  eden space 198144K, 0% used [0x00000007aab00000,0x00000007aab00000,0x00000007b6c80000)
  from space 74240K, 0% used [0x00000007b6c80000,0x00000007b6c88000,0x00000007bb500000)
  to   space 75264K, 0% used [0x00000007bb680000,0x00000007bb680000,0x00000007c0000000)
 ParOldGen       total 699392K, used 87596K [0x0000000780000000, 0x00000007aab00000, 0x00000007aab00000)
  object space 699392K, 12% used [0x0000000780000000,0x000000078558b2c0,0x00000007aab00000)
 Metaspace       used 119950K, capacity 120581K, committed 123008K, reserved 1150976K
  class space    used 20252K, capacity 20476K, committed 21120K, reserved 1048576K
}
Event: 156.946 GC heap before
{Heap before GC invocations=24 (full 7):
 PSYoungGen      total 272384K, used 32K [0x00000007aab00000, 0x00000007c0000000, 0x00000007c0000000)
  eden space 198144K, 0% used [0x00000007aab00000,0x00000007aab00000,0x00000007b6c80000)
  from space 74240K, 0% used [0x00000007b6c80000,0x00000007b6c88000,0x00000007bb500000)
  to   space 75264K, 0% used [0x00000007bb680000,0x00000007bb680000,0x00000007c0000000)
 ParOldGen       total 699392K, used 87596K [0x0000000780000000, 0x00000007aab00000, 0x00000007aab00000)
  object space 699392K, 12% used [0x0000000780000000,0x000000078558b2c0,0x00000007aab00000)
 Metaspace       used 119950K, capacity 120581K, committed 123008K, reserved 1150976K
  class space    used 20252K, capacity 20476K, committed 21120K, reserved 1048576K
Event: 157.196 GC heap after
Heap after GC invocations=24 (full 7):
 PSYoungGen      total 272384K, used 0K [0x00000007aab00000, 0x00000007c0000000, 0x00000007c0000000)
  eden space 198144K, 0% used [0x00000007aab00000,0x00000007aab00000,0x00000007b6c80000)
  from space 74240K, 0% used [0x00000007b6c80000,0x00000007b6c80000,0x00000007bb500000)
  to   space 75264K, 0% used [0x00000007bb680000,0x00000007bb680000,0x00000007c0000000)
 ParOldGen       total 699392K, used 87486K [0x0000000780000000, 0x00000007aab00000, 0x00000007aab00000)
  object space 699392K, 12% used [0x0000000780000000,0x000000078556fba8,0x00000007aab00000)
 Metaspace       used 119950K, capacity 120581K, committed 123008K, reserved 1150976K
  class space    used 20252K, capacity 20476K, committed 21120K, reserved 1048576K
}
Event: 241.115 GC heap before
{Heap before GC invocations=25 (full 7):
 PSYoungGen      total 272384K, used 198144K [0x00000007aab00000, 0x00000007c0000000, 0x00000007c0000000)
  eden space 198144K, 100% used [0x00000007aab00000,0x00000007b6c80000,0x00000007b6c80000)
  from space 74240K, 0% used [0x00000007b6c80000,0x00000007b6c80000,0x00000007bb500000)
  to   space 75264K, 0% used [0x00000007bb680000,0x00000007bb680000,0x00000007c0000000)
 ParOldGen       total 699392K, used 87486K [0x0000000780000000, 0x00000007aab00000, 0x00000007aab00000)
  object space 699392K, 12% used [0x0000000780000000,0x000000078556fba8,0x00000007aab00000)
 Metaspace       used 120783K, capacity 121501K, committed 123008K, reserved 1150976K
  class space    used 20430K, capacity 20672K, committed 21120K, reserved 1048576K
Event: 241.389 GC heap after
Heap after GC invocations=25 (full 7):
 PSYoungGen      total 261632K, used 57216K [0x00000007aab00000, 0x00000007c0000000, 0x00000007c0000000)
  eden space 186368K, 0% used [0x00000007aab00000,0x00000007aab00000,0x00000007b6100000)
  from space 75264K, 76% used [0x00000007bb680000,0x00000007bee601e0,0x00000007c0000000)
  to   space 81408K, 0% used [0x00000007b6100000,0x00000007b6100000,0x00000007bb080000)
 ParOldGen       total 699392K, used 87494K [0x0000000780000000, 0x00000007aab00000, 0x00000007aab00000)
  object space 699392K, 12% used [0x0000000780000000,0x0000000785571ba8,0x00000007aab00000)
 Metaspace       used 120783K, capacity 121501K, committed 123008K, reserved 1150976K
  class space    used 20430K, capacity 20672K, committed 21120K, reserved 1048576K
}

Deoptimization events (10 events):
Event: 243.503 Thread 0x00007f9aa673a000 Uncommon trap: reason=unstable_if action=reinterpret pc=0x000000010aff1e68 method=java.util.HashMap.resize()[Ljava/util/HashMap$Node; @ 206
Event: 243.728 Thread 0x00007f9aa673a000 Uncommon trap: reason=bimorphic action=maybe_recompile pc=0x000000010c86c1a8 method=java.util.ComparableTimSort.countRunAndMakeAscending([Ljava/lang/Object;II)I @ 42
Event: 243.730 Thread 0x00007f9aa673a000 Uncommon trap: reason=bimorphic action=maybe_recompile pc=0x000000010c86c1a8 method=java.util.ComparableTimSort.countRunAndMakeAscending([Ljava/lang/Object;II)I @ 42
Event: 243.732 Thread 0x00007f9aa673a000 Uncommon trap: reason=bimorphic action=maybe_recompile pc=0x000000010c86c1a8 method=java.util.ComparableTimSort.countRunAndMakeAscending([Ljava/lang/Object;II)I @ 42
Event: 243.733 Thread 0x00007f9aa673a000 Uncommon trap: reason=bimorphic action=maybe_recompile pc=0x000000010c86c1a8 method=java.util.ComparableTimSort.countRunAndMakeAscending([Ljava/lang/Object;II)I @ 42
Event: 243.761 Thread 0x00007f9aa673a000 Uncommon trap: reason=bimorphic action=maybe_recompile pc=0x000000010c87d478 method=java.util.ComparableTimSort.binarySort([Ljava/lang/Object;III)V @ 94
Event: 243.764 Thread 0x00007f9aa673a000 Uncommon trap: reason=bimorphic action=maybe_recompile pc=0x000000010c87d478 method=java.util.ComparableTimSort.binarySort([Ljava/lang/Object;III)V @ 94
Event: 243.782 Thread 0x00007f9aa673a000 Uncommon trap: reason=bimorphic action=maybe_recompile pc=0x000000010c87d478 method=java.util.ComparableTimSort.binarySort([Ljava/lang/Object;III)V @ 94
Event: 244.671 Thread 0x00007f9aa24d9000 Uncommon trap: reason=unstable_if action=reinterpret pc=0x000000010cb4129c method=java.util.LinkedHashMap.afterNodeInsertion(Z)V @ 18
Event: 247.583 Thread 0x00007f9aa6ad8000 Uncommon trap: reason=null_check action=maybe_recompile pc=0x000000010a9dc318 method=java.lang.String.length()I @ 4

Internal exceptions (10 events):
Event: 243.788 Thread 0x00007f9aa673a000 Exception <a 'java/lang/NoSuchMethodError': <clinit>> (0x00000007b058a6d0) thrown at [/HUDSON3/workspace/8-2-build-macosx-x86_64/jdk8u73/6086/hotspot/src/share/vm/prims/jni.cpp, line 1591]
Event: 243.788 Thread 0x00007f9aa673a000 Exception <a 'java/lang/NoSuchMethodError': <clinit>> (0x00000007b058c7b8) thrown at [/HUDSON3/workspace/8-2-build-macosx-x86_64/jdk8u73/6086/hotspot/src/share/vm/prims/jni.cpp, line 1591]
Event: 243.789 Thread 0x00007f9aa673a000 Exception <a 'java/lang/NoSuchMethodError': <clinit>> (0x00000007b05969d8) thrown at [/HUDSON3/workspace/8-2-build-macosx-x86_64/jdk8u73/6086/hotspot/src/share/vm/prims/jni.cpp, line 1591]
Event: 243.794 Thread 0x00007f9aa673a000 Exception <a 'java/lang/NoSuchMethodError': <clinit>> (0x00000007b05a3bd0) thrown at [/HUDSON3/workspace/8-2-build-macosx-x86_64/jdk8u73/6086/hotspot/src/share/vm/prims/jni.cpp, line 1591]
Event: 243.800 Thread 0x00007f9aa673a000 Exception <a 'java/lang/NoSuchMethodError': <clinit>> (0x00000007b05c4b68) thrown at [/HUDSON3/workspace/8-2-build-macosx-x86_64/jdk8u73/6086/hotspot/src/share/vm/prims/jni.cpp, line 1591]
Event: 243.800 Thread 0x00007f9aa673a000 Exception <a 'java/lang/NoSuchMethodError': <clinit>> (0x00000007b05c76a8) thrown at [/HUDSON3/workspace/8-2-build-macosx-x86_64/jdk8u73/6086/hotspot/src/share/vm/prims/jni.cpp, line 1591]
Event: 243.801 Thread 0x00007f9aa673a000 Exception <a 'java/lang/NoSuchMethodError': <clinit>> (0x00000007b05d0640) thrown at [/HUDSON3/workspace/8-2-build-macosx-x86_64/jdk8u73/6086/hotspot/src/share/vm/prims/jni.cpp, line 1591]
Event: 243.825 Thread 0x00007f9aa673a000 Exception <a 'java/lang/NoSuchMethodError': <clinit>> (0x00000007b0682a80) thrown at [/HUDSON3/workspace/8-2-build-macosx-x86_64/jdk8u73/6086/hotspot/src/share/vm/prims/jni.cpp, line 1591]
Event: 243.912 Thread 0x00007f9aa68c9000 Exception <a 'java/io/FileNotFoundException'> (0x00000007b0cfe3d0) thrown at [/HUDSON3/workspace/8-2-build-macosx-x86_64/jdk8u73/6086/hotspot/src/share/vm/prims/jni.cpp, line 709]
Event: 247.583 Thread 0x00007f9aa6ad8000 Implicit null exception at 0x000000010a9dbfa2 to 0x000000010a9dc30d

Events (10 events):
Event: 244.671 Thread 0x00007f9aa24d9000 DEOPT UNPACKING pc=0x000000010a392229 sp=0x0000700001888b48 mode 2
Event: 244.918 Thread 0x00007f9aa24d9000 DEOPT PACKING pc=0x000000010b789154 sp=0x0000700001888c50
Event: 244.918 Thread 0x00007f9aa24d9000 DEOPT UNPACKING pc=0x000000010a3d4633 sp=0x00007000018889c8 mode 0
Event: 244.919 Thread 0x00007f9aa24d9000 DEOPT PACKING pc=0x000000010b9f2bc5 sp=0x0000700001888b10
Event: 244.919 Thread 0x00007f9aa24d9000 DEOPT UNPACKING pc=0x000000010a3d4633 sp=0x0000700001888830 mode 0
Event: 244.973 Thread 0x00007f9aa24d9000 DEOPT PACKING pc=0x000000010a8cdc3a sp=0x0000700001888a80
Event: 244.973 Thread 0x00007f9aa24d9000 DEOPT UNPACKING pc=0x000000010a3d4633 sp=0x0000700001888858 mode 0
Event: 247.583 Thread 0x00007f9aa6ad8000 Uncommon trap: trap_request=0xfffffff6 fr.pc=0x000000010a9dc318
Event: 247.583 Thread 0x00007f9aa6ad8000 DEOPT PACKING pc=0x000000010a9dc318 sp=0x0000700001a89090
Event: 247.583 Thread 0x00007f9aa6ad8000 DEOPT UNPACKING pc=0x000000010a392229 sp=0x0000700001a88fa8 mode 2


Dynamic libraries:
0x0000000007b47000 	/System/Library/Frameworks/Cocoa.framework/Versions/A/Cocoa
0x0000000007b47000 	/System/Library/Frameworks/Security.framework/Versions/A/Security
0x0000000007b47000 	/System/Library/Frameworks/ApplicationServices.framework/Versions/A/ApplicationServices
0x0000000007b47000 	/usr/lib/libz.1.dylib
0x0000000007b47000 	/usr/lib/libSystem.B.dylib
0x0000000007b47000 	/usr/lib/libobjc.A.dylib
0x0000000007b47000 	/System/Library/Frameworks/CoreFoundation.framework/Versions/A/CoreFoundation
0x0000000007b47000 	/System/Library/Frameworks/Foundation.framework/Versions/C/Foundation
0x0000000007b47000 	/System/Library/Frameworks/AppKit.framework/Versions/C/AppKit
0x0000000007b47000 	/System/Library/Frameworks/CoreData.framework/Versions/A/CoreData
0x0000000007b47000 	/System/Library/PrivateFrameworks/RemoteViewServices.framework/Versions/A/RemoteViewServices
0x0000000007b47000 	/System/Library/PrivateFrameworks/UIFoundation.framework/Versions/A/UIFoundation
0x0000000007b47000 	/usr/lib/libScreenReader.dylib
0x0000000007b47000 	/System/Library/Frameworks/Accelerate.framework/Versions/A/Accelerate
0x0000000007b47000 	/System/Library/Frameworks/IOSurface.framework/Versions/A/IOSurface
0x0000000007b47000 	/System/Library/Frameworks/AudioToolbox.framework/Versions/A/AudioToolbox
0x0000000007b47000 	/System/Library/Frameworks/AudioUnit.framework/Versions/A/AudioUnit
0x0000000007b47000 	/System/Library/PrivateFrameworks/DataDetectorsCore.framework/Versions/A/DataDetectorsCore
0x0000000007b47000 	/System/Library/PrivateFrameworks/DesktopServicesPriv.framework/Versions/A/DesktopServicesPriv
0x0000000007b47000 	/System/Library/Frameworks/Carbon.framework/Versions/A/Frameworks/HIToolbox.framework/Versions/A/HIToolbox
0x0000000007b47000 	/System/Library/Frameworks/QuartzCore.framework/Versions/A/QuartzCore
0x0000000007b47000 	/System/Library/Frameworks/Carbon.framework/Versions/A/Frameworks/SpeechRecognition.framework/Versions/A/SpeechRecognition
0x0000000007b47000 	/usr/lib/libauto.dylib
0x0000000007b47000 	/usr/lib/libicucore.A.dylib
0x0000000007b47000 	/usr/lib/libxml2.2.dylib
0x0000000007b47000 	/System/Library/PrivateFrameworks/CoreUI.framework/Versions/A/CoreUI
0x0000000007b47000 	/System/Library/Frameworks/CoreAudio.framework/Versions/A/CoreAudio
0x0000000007b47000 	/System/Library/Frameworks/DiskArbitration.framework/Versions/A/DiskArbitration
0x0000000007b47000 	/usr/lib/liblangid.dylib
0x0000000007b47000 	/System/Library/PrivateFrameworks/MultitouchSupport.framework/Versions/A/MultitouchSupport
0x0000000007b47000 	/System/Library/Frameworks/IOKit.framework/Versions/A/IOKit
0x0000000007b47000 	/usr/lib/libDiagnosticMessagesClient.dylib
0x0000000007b47000 	/System/Library/Frameworks/CoreServices.framework/Versions/A/CoreServices
0x0000000007b47000 	/System/Library/PrivateFrameworks/PerformanceAnalysis.framework/Versions/A/PerformanceAnalysis
0x0000000007b47000 	/System/Library/PrivateFrameworks/GenerationalStorage.framework/Versions/A/GenerationalStorage
0x0000000007b47000 	/System/Library/Frameworks/OpenGL.framework/Versions/A/OpenGL
0x0000000007b47000 	/System/Library/PrivateFrameworks/Sharing.framework/Versions/A/Sharing
0x0000000007b47000 	/System/Library/Frameworks/CoreGraphics.framework/Versions/A/CoreGraphics
0x0000000007b47000 	/System/Library/Frameworks/CoreImage.framework/Versions/A/CoreImage
0x0000000007b47000 	/System/Library/Frameworks/CoreText.framework/Versions/A/CoreText
0x0000000007b47000 	/System/Library/Frameworks/ImageIO.framework/Versions/A/ImageIO
0x0000000007b47000 	/System/Library/PrivateFrameworks/Backup.framework/Versions/A/Backup
0x0000000007b47000 	/usr/lib/libextension.dylib
0x0000000007b47000 	/usr/lib/libarchive.2.dylib
0x0000000007b47000 	/System/Library/Frameworks/CFNetwork.framework/Versions/A/CFNetwork
0x0000000007b47000 	/System/Library/Frameworks/SystemConfiguration.framework/Versions/A/SystemConfiguration
0x0000000007b47000 	/usr/lib/libCRFSuite.dylib
0x0000000007b47000 	/usr/lib/libc++.1.dylib
0x0000000007b47000 	/usr/lib/libc++abi.dylib
0x0000000007b47000 	/usr/lib/system/libcache.dylib
0x0000000007b47000 	/usr/lib/system/libcommonCrypto.dylib
0x0000000007b47000 	/usr/lib/system/libcompiler_rt.dylib
0x0000000007b47000 	/usr/lib/system/libcopyfile.dylib
0x0000000007b47000 	/usr/lib/system/libcorecrypto.dylib
0x0000000007b47000 	/usr/lib/system/libdispatch.dylib
0x0000000007b47000 	/usr/lib/system/libdyld.dylib
0x0000000007b47000 	/usr/lib/system/libkeymgr.dylib
0x0000000007b47000 	/usr/lib/system/liblaunch.dylib
0x0000000007b47000 	/usr/lib/system/libmacho.dylib
0x0000000007b47000 	/usr/lib/system/libquarantine.dylib
0x0000000007b47000 	/usr/lib/system/libremovefile.dylib
0x0000000007b47000 	/usr/lib/system/libsystem_asl.dylib
0x0000000007b47000 	/usr/lib/system/libsystem_blocks.dylib
0x0000000007b47000 	/usr/lib/system/libsystem_c.dylib
0x0000000007b47000 	/usr/lib/system/libsystem_configuration.dylib
0x0000000007b47000 	/usr/lib/system/libsystem_coreservices.dylib
0x0000000007b47000 	/usr/lib/system/libsystem_coretls.dylib
0x0000000007b47000 	/usr/lib/system/libsystem_dnssd.dylib
0x0000000007b47000 	/usr/lib/system/libsystem_info.dylib
0x0000000007b47000 	/usr/lib/system/libsystem_kernel.dylib
0x0000000007b47000 	/usr/lib/system/libsystem_m.dylib
0x0000000007b47000 	/usr/lib/system/libsystem_malloc.dylib
0x0000000007b47000 	/usr/lib/system/libsystem_network.dylib
0x0000000007b47000 	/usr/lib/system/libsystem_networkextension.dylib
0x0000000007b47000 	/usr/lib/system/libsystem_notify.dylib
0x0000000007b47000 	/usr/lib/system/libsystem_platform.dylib
0x0000000007b47000 	/usr/lib/system/libsystem_pthread.dylib
0x0000000007b47000 	/usr/lib/system/libsystem_sandbox.dylib
0x0000000007b47000 	/usr/lib/system/libsystem_secinit.dylib
0x0000000007b47000 	/usr/lib/system/libsystem_trace.dylib
0x0000000007b47000 	/usr/lib/system/libunc.dylib
0x0000000007b47000 	/usr/lib/system/libunwind.dylib
0x0000000007b47000 	/usr/lib/system/libxpc.dylib
0x0000000007b47000 	/usr/lib/libenergytrace.dylib
0x0000000007b47000 	/usr/lib/libbsm.0.dylib
0x0000000007b47000 	/usr/lib/system/libkxld.dylib
0x0000000007b47000 	/usr/lib/libxar.1.dylib
0x0000000007b47000 	/usr/lib/libsqlite3.dylib
0x0000000007b47000 	/usr/lib/libpam.2.dylib
0x0000000007b47000 	/usr/lib/libOpenScriptingUtil.dylib
0x0000000007b47000 	/usr/lib/libbz2.1.0.dylib
0x0000000007b47000 	/usr/lib/liblzma.5.dylib
0x0000000007b47000 	/System/Library/Frameworks/CoreServices.framework/Versions/A/Frameworks/FSEvents.framework/Versions/A/FSEvents
0x0000000007b47000 	/System/Library/Frameworks/CoreServices.framework/Versions/A/Frameworks/CarbonCore.framework/Versions/A/CarbonCore
0x0000000007b47000 	/System/Library/Frameworks/CoreServices.framework/Versions/A/Frameworks/Metadata.framework/Versions/A/Metadata
0x0000000007b47000 	/System/Library/Frameworks/CoreServices.framework/Versions/A/Frameworks/OSServices.framework/Versions/A/OSServices
0x0000000007b47000 	/System/Library/Frameworks/CoreServices.framework/Versions/A/Frameworks/SearchKit.framework/Versions/A/SearchKit
0x0000000007b47000 	/System/Library/Frameworks/CoreServices.framework/Versions/A/Frameworks/AE.framework/Versions/A/AE
0x0000000007b47000 	/System/Library/Frameworks/CoreServices.framework/Versions/A/Frameworks/LaunchServices.framework/Versions/A/LaunchServices
0x0000000007b47000 	/System/Library/Frameworks/CoreServices.framework/Versions/A/Frameworks/DictionaryServices.framework/Versions/A/DictionaryServices
0x0000000007b47000 	/System/Library/Frameworks/CoreServices.framework/Versions/A/Frameworks/SharedFileList.framework/Versions/A/SharedFileList
0x0000000007b47000 	/System/Library/Frameworks/NetFS.framework/Versions/A/NetFS
0x0000000007b47000 	/System/Library/PrivateFrameworks/NetAuth.framework/Versions/A/NetAuth
0x0000000007b47000 	/System/Library/PrivateFrameworks/login.framework/Versions/A/Frameworks/loginsupport.framework/Versions/A/loginsupport
0x0000000007b47000 	/System/Library/PrivateFrameworks/TCC.framework/Versions/A/TCC
0x0000000007b47000 	/usr/lib/libmecabra.dylib
0x0000000007b47000 	/System/Library/Frameworks/ApplicationServices.framework/Versions/A/Frameworks/ATS.framework/Versions/A/ATS
0x0000000007b47000 	/System/Library/Frameworks/ApplicationServices.framework/Versions/A/Frameworks/ColorSync.framework/Versions/A/ColorSync
0x0000000007b47000 	/System/Library/Frameworks/ApplicationServices.framework/Versions/A/Frameworks/HIServices.framework/Versions/A/HIServices
0x0000000007b47000 	/System/Library/Frameworks/ApplicationServices.framework/Versions/A/Frameworks/LangAnalysis.framework/Versions/A/LangAnalysis
0x0000000007b47000 	/System/Library/Frameworks/ApplicationServices.framework/Versions/A/Frameworks/PrintCore.framework/Versions/A/PrintCore
0x0000000007b47000 	/System/Library/Frameworks/ApplicationServices.framework/Versions/A/Frameworks/QD.framework/Versions/A/QD
0x0000000007b47000 	/System/Library/Frameworks/ApplicationServices.framework/Versions/A/Frameworks/SpeechSynthesis.framework/Versions/A/SpeechSynthesis
0x0000000007b47000 	/System/Library/Frameworks/Metal.framework/Versions/A/Metal
0x0000000007b47000 	/System/Library/Frameworks/Accelerate.framework/Versions/A/Frameworks/vImage.framework/Versions/A/vImage
0x0000000007b47000 	/System/Library/Frameworks/Accelerate.framework/Versions/A/Frameworks/vecLib.framework/Versions/A/vecLib
0x0000000007b47000 	/System/Library/Frameworks/Accelerate.framework/Versions/A/Frameworks/vecLib.framework/Versions/A/libvDSP.dylib
0x0000000007b47000 	/System/Library/Frameworks/Accelerate.framework/Versions/A/Frameworks/vecLib.framework/Versions/A/libvMisc.dylib
0x0000000007b47000 	/System/Library/Frameworks/Accelerate.framework/Versions/A/Frameworks/vecLib.framework/Versions/A/libLAPACK.dylib
0x0000000007b47000 	/System/Library/Frameworks/Accelerate.framework/Versions/A/Frameworks/vecLib.framework/Versions/A/libBLAS.dylib
0x0000000007b47000 	/System/Library/Frameworks/Accelerate.framework/Versions/A/Frameworks/vecLib.framework/Versions/A/libLinearAlgebra.dylib
0x0000000007b47000 	/System/Library/Frameworks/Accelerate.framework/Versions/A/Frameworks/vecLib.framework/Versions/A/libSparseBLAS.dylib
0x0000000007b47000 	/System/Library/PrivateFrameworks/GPUCompiler.framework/libmetal_timestamp.dylib
0x0000000007b47000 	/System/Library/Frameworks/OpenGL.framework/Versions/A/Libraries/libCoreFSCache.dylib
0x0000000007b47000 	/System/Library/PrivateFrameworks/IOAccelerator.framework/Versions/A/IOAccelerator
0x0000000007b47000 	/System/Library/Frameworks/ApplicationServices.framework/Versions/A/Frameworks/ATS.framework/Versions/A/Resources/libFontParser.dylib
0x0000000007b47000 	/System/Library/Frameworks/ApplicationServices.framework/Versions/A/Frameworks/ATS.framework/Versions/A/Resources/libFontRegistry.dylib
0x0000000007b47000 	/System/Library/PrivateFrameworks/AppleVPA.framework/Versions/A/AppleVPA
0x0000000007b47000 	/System/Library/PrivateFrameworks/AppleJPEG.framework/Versions/A/AppleJPEG
0x0000000007b47000 	/System/Library/Frameworks/ImageIO.framework/Versions/A/Resources/libJPEG.dylib
0x0000000007b47000 	/System/Library/Frameworks/ImageIO.framework/Versions/A/Resources/libTIFF.dylib
0x0000000007b47000 	/System/Library/Frameworks/ImageIO.framework/Versions/A/Resources/libPng.dylib
0x0000000007b47000 	/System/Library/Frameworks/ImageIO.framework/Versions/A/Resources/libGIF.dylib
0x0000000007b47000 	/System/Library/Frameworks/ImageIO.framework/Versions/A/Resources/libJP2.dylib
0x0000000007b47000 	/System/Library/Frameworks/ImageIO.framework/Versions/A/Resources/libRadiance.dylib
0x0000000007b47000 	/System/Library/Frameworks/CoreVideo.framework/Versions/A/CoreVideo
0x0000000007b47000 	/System/Library/Frameworks/OpenGL.framework/Versions/A/Libraries/libGLU.dylib
0x0000000007b47000 	/System/Library/Frameworks/OpenGL.framework/Versions/A/Libraries/libGFXShared.dylib
0x0000000007b47000 	/System/Library/Frameworks/OpenGL.framework/Versions/A/Libraries/libGL.dylib
0x0000000007b47000 	/System/Library/Frameworks/OpenGL.framework/Versions/A/Libraries/libGLImage.dylib
0x0000000007b47000 	/System/Library/Frameworks/OpenGL.framework/Versions/A/Libraries/libCVMSPluginSupport.dylib
0x0000000007b47000 	/System/Library/Frameworks/OpenGL.framework/Versions/A/Libraries/libCoreVMClient.dylib
0x0000000007b47000 	/usr/lib/libcompression.dylib
0x0000000007b47000 	/usr/lib/libcups.2.dylib
0x0000000007b47000 	/System/Library/Frameworks/Kerberos.framework/Versions/A/Kerberos
0x0000000007b47000 	/System/Library/Frameworks/GSS.framework/Versions/A/GSS
0x0000000007b47000 	/usr/lib/libresolv.9.dylib
0x0000000007b47000 	/usr/lib/libiconv.2.dylib
0x0000000007b47000 	/System/Library/PrivateFrameworks/Heimdal.framework/Versions/A/Heimdal
0x0000000007b47000 	/usr/lib/libheimdal-asn1.dylib
0x0000000007b47000 	/System/Library/Frameworks/OpenDirectory.framework/Versions/A/OpenDirectory
0x0000000007b47000 	/System/Library/PrivateFrameworks/CommonAuth.framework/Versions/A/CommonAuth
0x0000000007b47000 	/System/Library/Frameworks/OpenDirectory.framework/Versions/A/Frameworks/CFOpenDirectory.framework/Versions/A/CFOpenDirectory
0x0000000007b47000 	/System/Library/Frameworks/SecurityFoundation.framework/Versions/A/SecurityFoundation
0x0000000007b47000 	/System/Library/PrivateFrameworks/LanguageModeling.framework/Versions/A/LanguageModeling
0x0000000007b47000 	/usr/lib/libmarisa.dylib
0x0000000007b47000 	/usr/lib/libChineseTokenizer.dylib
0x0000000007b47000 	/usr/lib/libcmph.dylib
0x0000000007b47000 	/System/Library/Frameworks/ServiceManagement.framework/Versions/A/ServiceManagement
0x0000000007b47000 	/usr/lib/libxslt.1.dylib
0x0000000007b47000 	/System/Library/Frameworks/Carbon.framework/Versions/A/Frameworks/Ink.framework/Versions/A/Ink
0x0000000007b47000 	/usr/lib/libFosl_dynamic.dylib
0x0000000007b47000 	/System/Library/PrivateFrameworks/FaceCore.framework/Versions/A/FaceCore
0x0000000007b47000 	/System/Library/Frameworks/OpenCL.framework/Versions/A/OpenCL
0x0000000007b47000 	/System/Library/PrivateFrameworks/CrashReporterSupport.framework/Versions/A/CrashReporterSupport
0x0000000007b47000 	/System/Library/PrivateFrameworks/IconServices.framework/Versions/A/IconServices
0x0000000007b47000 	/System/Library/PrivateFrameworks/Apple80211.framework/Versions/A/Apple80211
0x0000000007b47000 	/System/Library/Frameworks/CoreWLAN.framework/Versions/A/CoreWLAN
0x0000000007b47000 	/System/Library/Frameworks/IOBluetooth.framework/Versions/A/IOBluetooth
0x0000000007b47000 	/System/Library/PrivateFrameworks/CoreWiFi.framework/Versions/A/CoreWiFi
0x0000000007b47000 	/System/Library/Frameworks/CoreBluetooth.framework/Versions/A/CoreBluetooth
0x0000000007b47000 	/System/Library/PrivateFrameworks/ChunkingLibrary.framework/Versions/A/ChunkingLibrary
0x0000000007b47000 	/System/Library/PrivateFrameworks/DebugSymbols.framework/Versions/A/DebugSymbols
0x0000000007b47000 	/System/Library/PrivateFrameworks/CoreSymbolication.framework/Versions/A/CoreSymbolication
0x0000000007b47000 	/System/Library/PrivateFrameworks/Symbolication.framework/Versions/A/Symbolication
0x0000000007b47000 	/System/Library/PrivateFrameworks/SpeechRecognitionCore.framework/Versions/A/SpeechRecognitionCore
0x0000000109400000 	/Library/Java/JavaVirtualMachines/jdk1.8.0_73.jdk/Contents/Home/jre/lib/server/libjvm.dylib
0x0000000007b47000 	/usr/lib/libstdc++.6.dylib
0x0000000108ac9000 	/Library/Java/JavaVirtualMachines/jdk1.8.0_73.jdk/Contents/Home/jre/lib/libverify.dylib
0x0000000108ad7000 	/Library/Java/JavaVirtualMachines/jdk1.8.0_73.jdk/Contents/Home/jre/lib/libjava.dylib
0x0000000108b16000 	/Library/Java/JavaVirtualMachines/jdk1.8.0_73.jdk/Contents/Home/jre/lib/libzip.dylib
0x000000011d67e000 	/System/Library/Frameworks/JavaVM.framework/Frameworks/JavaRuntimeSupport.framework/JavaRuntimeSupport
0x000000011d699000 	/System/Library/Frameworks/JavaVM.framework/Versions/A/Frameworks/JavaNativeFoundation.framework/Versions/A/JavaNativeFoundation
0x000000011d6ae000 	/System/Library/Frameworks/JavaVM.framework/Versions/A/JavaVM
0x0000000007b47000 	/System/Library/Frameworks/Carbon.framework/Versions/A/Carbon
0x000000011d6bb000 	/System/Library/PrivateFrameworks/JavaLaunching.framework/Versions/A/JavaLaunching
0x0000000007b47000 	/System/Library/Frameworks/Carbon.framework/Versions/A/Frameworks/CommonPanels.framework/Versions/A/CommonPanels
0x0000000007b47000 	/System/Library/Frameworks/Carbon.framework/Versions/A/Frameworks/Help.framework/Versions/A/Help
0x0000000007b47000 	/System/Library/Frameworks/Carbon.framework/Versions/A/Frameworks/ImageCapture.framework/Versions/A/ImageCapture
0x0000000007b47000 	/System/Library/Frameworks/Carbon.framework/Versions/A/Frameworks/OpenScripting.framework/Versions/A/OpenScripting
0x0000000007b47000 	/System/Library/Frameworks/Carbon.framework/Versions/A/Frameworks/Print.framework/Versions/A/Print
0x0000000007b47000 	/System/Library/Frameworks/Carbon.framework/Versions/A/Frameworks/SecurityHI.framework/Versions/A/SecurityHI
0x000000011effb000 	/Library/Java/JavaVirtualMachines/jdk1.8.0_73.jdk/Contents/Home/jre/lib/libnet.dylib
0x000000011f05a000 	/Library/Java/JavaVirtualMachines/jdk1.8.0_73.jdk/Contents/Home/jre/lib/libnio.dylib
0x000000012183c000 	/Library/Java/JavaVirtualMachines/jdk1.8.0_73.jdk/Contents/Home/jre/lib/libmanagement.dylib
0x000000012184a000 	/Users/Brett/Documents/workspace/MochaPaste/target/native_libraries/64bits/libjnotify.jnilib

VM Arguments:
jvm_args: -Dactivator.home=/usr/local/Cellar/typesafe-activator/1.3.9 -Xms1024m -Xmx1024m -XX:MetaspaceSize=64m -XX:MaxMetaspaceSize=256m 
java_command: /usr/local/Cellar/typesafe-activator/1.3.9/libexec/activator-launch-1.3.9.jar run 8888
java_class_path (initial): /usr/local/Cellar/typesafe-activator/1.3.9/libexec/activator-launch-1.3.9.jar
Launcher Type: SUN_STANDARD

Environment Variables:
PATH=/usr/bin:/bin:/usr/sbin:/sbin:/usr/local/bin:/Applications/MAMP/Library/bin
SHELL=/bin/bash

Signal Handlers:
SIGSEGV: [libjvm.dylib+0x5a71a5], sa_mask[0]=11111111011111110111111111111111, sa_flags=SA_ONSTACK|SA_RESTART|SA_SIGINFO
SIGBUS: [libjvm.dylib+0x5a71a5], sa_mask[0]=11111111011111110111111111111111, sa_flags=SA_RESTART|SA_SIGINFO
SIGFPE: [libjvm.dylib+0x480eb4], sa_mask[0]=11111111011111110111111111111111, sa_flags=SA_RESTART|SA_SIGINFO
SIGPIPE: [libjvm.dylib+0x480eb4], sa_mask[0]=11111111011111110111111111111111, sa_flags=SA_RESTART|SA_SIGINFO
SIGXFSZ: [libjvm.dylib+0x480eb4], sa_mask[0]=11111111011111110111111111111111, sa_flags=SA_RESTART|SA_SIGINFO
SIGILL: [libjvm.dylib+0x480eb4], sa_mask[0]=11111111011111110111111111111111, sa_flags=SA_RESTART|SA_SIGINFO
SIGUSR1: SIG_DFL, sa_mask[0]=11011111011111100000000111000110, sa_flags=none
SIGUSR2: [libjvm.dylib+0x4809d2], sa_mask[0]=00000000000000000000000000000000, sa_flags=SA_RESTART|SA_SIGINFO
SIGHUP: [libjvm.dylib+0x47efa9], sa_mask[0]=11111111011111110111111111111111, sa_flags=SA_RESTART|SA_SIGINFO
SIGINT: [libjvm.dylib+0x47efa9], sa_mask[0]=11111111011111110111111111111111, sa_flags=SA_RESTART|SA_SIGINFO
SIGTERM: [libjvm.dylib+0x47efa9], sa_mask[0]=11111111011111110111111111111111, sa_flags=SA_RESTART|SA_SIGINFO
SIGQUIT: [libjvm.dylib+0x47efa9], sa_mask[0]=11111111011111110111111111111111, sa_flags=SA_RESTART|SA_SIGINFO


---------------  S Y S T E M  ---------------

OS:Bsduname:Darwin 15.5.0 Darwin Kernel Version 15.5.0: Tue Apr 19 18:36:36 PDT 2016; root:xnu-3248.50.21~8/RELEASE_X86_64 x86_64
rlimit: STACK 8192k, CORE 0k, NPROC 709, NOFILE 10240, AS infinity
load average:4.18 4.62 4.10

CPU:total 4 (2 cores per cpu, 2 threads per core) family 6 model 69 stepping 1, cmov, cx8, fxsr, mmx, sse, sse2, sse3, ssse3, sse4.1, sse4.2, popcnt, avx, avx2, aes, clmul, erms, lzcnt, ht, tsc, tscinvbit, bmi1, bmi2

Memory: 4k page, physical 4194304k(46968k free)

/proc/meminfo:


vm_info: Java HotSpot(TM) 64-Bit Server VM (25.73-b02) for bsd-amd64 JRE (1.8.0_73-b02), built on Jan 29 2016 15:02:00 by "java_re" with gcc 4.2.1 (Based on Apple Inc. build 5658) (LLVM build 2336.11.00)

time: Tue Jul  5 15:56:10 2016
elapsed time: 248 seconds (0d 0h 4m 8s)

